[5956:8744:0506/222829.774:WARNING:chrome_main_delegate.cc(745)] This is Chrome version 128.0.6613.138 (not a warning)
[5956:5544:0506/222829.828:ERROR:google_update_settings.cc(265)] Failed opening key Software\Chromium to set usagestats; result: 5
[5956:8744:0506/222829.846:WARNING:account_consistency_mode_manager.cc(77)] Desktop Identity Consistency cannot be enabled as no OAuth client ID and client secret have been configured.
[5956:8744:0506/222835.795:ERROR:device_event_log_impl.cc(196)] [22:28:35.399] USB: usb_service_win.cc:105 SetupDiGetDeviceProperty({{A45C254E-DF1C-4EFD-8020-67D146A850E0}, 6}) failed: Det gick inte att hitta elementet. (0x490)
[24716:39292:0506/222836.271:WARNING:frame_impl.cc(430)] virtual CefFrameImpl::SendProcessMessage sent to detached frame 5-3C99CEE65AB373EAA67C6982ED7631AE will be ignored
[5956:8744:0506/222836.557:WARNING:browser_info.cc(345)] Returning a speculative frame for [10,5]
[5956:8744:0506/222836.557:WARNING:browser_info.cc(345)] Returning a speculative frame for [10,5]
[5956:8744:0506/222836.558:WARNING:browser_info.cc(345)] Returning a speculative frame for [10,5]
[5956:8744:0506/222836.558:WARNING:browser_info.cc(345)] Returning a speculative frame for [10,5]
[5956:36832:0506/222836.669:WARNING:browser_info.cc(345)] Returning a speculative frame for [10,5]
[36200:38948:0506/222838.396:WARNING:codec.cc(525)] Explicitly added H264 constrained baseline to list of supported formats.
[5956:36832:0506/222838.550:ERROR:cast_crl.cc(443)] CRL - Verification failed.
[36200:38948:0506/222838.597:WARNING:codec.cc(525)] Explicitly added H264 constrained baseline to list of supported formats.
[36200:31520:0506/222838.608:WARNING:codec.cc(525)] Explicitly added H264 constrained baseline to list of supported formats.
[36200:31520:0506/222838.609:WARNING:codec.cc(525)] Explicitly added H264 constrained baseline to list of supported formats.
[36200:31520:0506/222838.609:WARNING:codec.cc(525)] Explicitly added H264 constrained baseline to list of supported formats.
[3212:20416:0506/222838.644:WARNING:host_resolver_dns_task.cc(863)] Address list empty after RFC3484 sort
[3212:20416:0506/222838.647:ERROR:socket_manager.cc(147)] Failed to resolve address for stun.cloudflare.com., errorcode: -105
[3212:20416:0506/222838.647:ERROR:socket_manager.cc(147)] Failed to resolve address for stun.cloudflare.com., errorcode: -105
[3212:20416:0506/222838.647:ERROR:socket_manager.cc(147)] Failed to resolve address for stun.cloudflare.com., errorcode: -105
[36200:31520:0506/222838.647:WARNING:stun_port.cc(442)] Port[3cdac00:0:1:0:host:Net[any:0:0:0:x:x:x:x:x/0:Wildcard:id=0]]: StunPort: stun host lookup received error -1
[36200:31520:0506/222838.647:WARNING:stun_port.cc(442)] Port[3cd9400:1:1:0:host:Net[any:0:0:0:x:x:x:x:x/0:Wildcard:id=0]]: StunPort: stun host lookup received error -1
[36200:31520:0506/222838.647:WARNING:stun_port.cc(442)] Port[3cda400:2:1:0:host:Net[any:0:0:0:x:x:x:x:x/0:Wildcard:id=0]]: StunPort: stun host lookup received error -1
[5956:8744:0506/224936.093:WARNING:pref_notifier_impl.cc(41)] Pref observer for media_router.cast_allow_all_ips found at shutdown.
